2018-12-21 11:43:20.599  INFO 9340 --- [main] c.e.demo.SpringExampleDemo2Application   : Starting SpringExampleDemo2Application on HarshitSingh with PID 9340 (D:\workspae\ECommerceDemo\target\classes started by Harshit.Singh in D:\workspae\ECommerceDemo)
2018-12-21 11:43:20.615  INFO 9340 --- [main] c.e.demo.SpringExampleDemo2Application   : No active profile set, falling back to default profiles: default
2018-12-21 11:43:20.661  INFO 9340 --- [main] ConfigServletWebServerApplicationContext : Refreshing org.springframework.boot.web.servlet.context.AnnotationConfigServletWebServerApplicationContext@9225652: startup date [Fri Dec 21 11:43:20 IST 2018]; root of context hierarchy
2018-12-21 11:43:21.865  INFO 9340 --- [main] trationDelegate$BeanPostProcessorChecker : Bean 'org.springframework.transaction.annotation.ProxyTransactionManagementConfiguration' of type [org.springframework.transaction.annotation.ProxyTransactionManagementConfiguration$$EnhancerBySpringCGLIB$$20712863] is not eligible for getting processed by all BeanPostProcessors (for example: not eligible for auto-proxying)
2018-12-21 11:43:22.272  INFO 9340 --- [main] o.s.b.w.embedded.tomcat.TomcatWebServer  : Tomcat initialized with port(s): 8081 (http)
2018-12-21 11:43:22.304  INFO 9340 --- [main] o.apache.catalina.core.StandardService   : Starting service [Tomcat]
2018-12-21 11:43:22.304  INFO 9340 --- [main] org.apache.catalina.core.StandardEngine  : Starting Servlet Engine: Apache Tomcat/8.5.34
2018-12-21 11:43:22.350  INFO 9340 --- [localhost-startStop-1] o.a.catalina.core.AprLifecycleListener   : The APR based Apache Tomcat Native library which allows optimal performance in production environments was not found on the java.library.path: [C:\Program Files\Java\jdk1.8.0_121\bin;C:\Windows\Sun\Java\bin;C:\Windows\system32;C:\Windows;C:/Program Files/Java/jdk1.8.0_121/bin/../jre/bin/server;C:/Program Files/Java/jdk1.8.0_121/bin/../jre/bin;C:/Program Files/Java/jdk1.8.0_121/bin/../jre/lib/amd64;C:\Users\harshit.singh\AppData\Roaming\npm;C:\Users\harshit.singh\AppData\Roaming\npm-cache;C:\Users\harshit.singh\AppData\Roaming\npm\node_modules\@angular\cli\bin;C:\Program Files\Common Files\Microsoft Shared\Windows Live;C:\Program Files (x86)\Common Files\Microsoft Shared\Windows Live;D:\app\app\oracle\product\10.2.0\server\bin;C:\Program Files (x86)\Intel\iCLS Client\;C:\Program Files\Intel\iCLS Client\;C:\Windows\system32;C:\Windows;C:\Windows\System32\Wbem;C:\Windows\System32\WindowsPowerShell\v1.0\;C:\Program Files\Intel\Intel(R) Management Engine Components\DAL;C:\Program Files (x86)\Intel\Intel(R) Management Engine Components\DAL;C:\Program Files\Intel\Intel(R) Management Engine Components\IPT;C:\Program Files (x86)\Intel\Intel(R) Management Engine Components\IPT;C:\Program Files\TortoiseSVN\bin;C:\Program Files (x86)\Skype\Phone\;C:\Program Files\Java\jdk1.8.0_121\bin;C:\Program Files (x86)\Microsoft SQL Server\100\Tools\Binn\;C:\Program Files (x86)\Microsoft SQL Server\100\DTS\Binn\;C:\Program Files (x86)\Microsoft SQL Server\100\Tools\Binn\VSShell\Common7\IDE\;C:\Program Files (x86)\Microsoft Visual Studio 9.0\Common7\IDE\PrivateAssemblies\;C:\Program Files (x86)\Windows Live\Shared;C:\Program Files\Microsoft\Web Platform Installer\;C:\Program Files (x86)\Microsoft ASP.NET\ASP.NET Web Pages\v1.0\;C:\Program Files\Microsoft SQL Server\110\Tools\Binn\;C:\Windows\system32\config\systemprofile\.dnx\bin;C:\Program Files\Microsoft DNX\Dnvm\;C:\Program Files\Microsoft SQL Server\130\Tools\Binn\;c:\Program Files (x86)\ATI Technologies\ATI.ACE\Core-Static;C:\Program Files\Git\cmd;D:\Softwraes\Apache Software Foundation\Maven-3.3.9\bin;C:\Program Files\nodejs\;C:\Users\harshit.singh\sts-bundle\sts-3.8.3.RELEASE;;.]
2018-12-21 11:43:22.569  INFO 9340 --- [localhost-startStop-1] o.a.c.c.C.[Tomcat].[localhost].[/]       : Initializing Spring embedded WebApplicationContext
2018-12-21 11:43:22.569  INFO 9340 --- [localhost-startStop-1] o.s.web.context.ContextLoader            : Root WebApplicationContext: initialization completed in 1908 ms
2018-12-21 11:43:22.631  INFO 9340 --- [localhost-startStop-1] o.s.b.w.servlet.ServletRegistrationBean  : Servlet dispatcherServlet mapped to [/]
2018-12-21 11:43:22.631  INFO 9340 --- [localhost-startStop-1] o.s.b.w.servlet.FilterRegistrationBean   : Mapping filter: 'characterEncodingFilter' to: [/*]
2018-12-21 11:43:22.631  INFO 9340 --- [localhost-startStop-1] o.s.b.w.servlet.FilterRegistrationBean   : Mapping filter: 'hiddenHttpMethodFilter' to: [/*]
2018-12-21 11:43:22.631  INFO 9340 --- [localhost-startStop-1] o.s.b.w.servlet.FilterRegistrationBean   : Mapping filter: 'httpPutFormContentFilter' to: [/*]
2018-12-21 11:43:22.631  INFO 9340 --- [localhost-startStop-1] o.s.b.w.servlet.FilterRegistrationBean   : Mapping filter: 'requestContextFilter' to: [/*]
2018-12-21 11:43:22.852  INFO 9340 --- [main] com.zaxxer.hikari.HikariDataSource       : HikariPool-1 - Starting...
2018-12-21 11:43:23.072  INFO 9340 --- [main] com.zaxxer.hikari.HikariDataSource       : HikariPool-1 - Start completed.
2018-12-21 11:43:23.080  INFO 9340 --- [main] j.LocalContainerEntityManagerFactoryBean : Building JPA container EntityManagerFactory for persistence unit 'default'
2018-12-21 11:43:23.096  INFO 9340 --- [main] o.hibernate.jpa.internal.util.LogHelper  : HHH000204: Processing PersistenceUnitInfo [
	name: default
	...]
2018-12-21 11:43:23.198  INFO 9340 --- [main] org.hibernate.Version                    : HHH000412: Hibernate Core {5.2.17.Final}
2018-12-21 11:43:23.198  INFO 9340 --- [main] org.hibernate.cfg.Environment            : HHH000206: hibernate.properties not found
2018-12-21 11:43:23.245  INFO 9340 --- [main] o.hibernate.annotations.common.Version   : HCANN000001: Hibernate Commons Annotations {5.0.1.Final}
2018-12-21 11:43:23.417  INFO 9340 --- [main] org.hibernate.dialect.Dialect            : HHH000400: Using dialect: org.hibernate.dialect.MySQL5Dialect
2018-12-21 11:43:24.059  INFO 9340 --- [main] j.LocalContainerEntityManagerFactoryBean : Initialized JPA EntityManagerFactory for persistence unit 'default'
2018-12-21 11:43:24.449  INFO 9340 --- [main] o.s.w.s.handler.SimpleUrlHandlerMapping  : Mapped URL path [/**/favicon.ico] onto handler of type [class org.springframework.web.servlet.resource.ResourceHttpRequestHandler]
2018-12-21 11:43:24.647  INFO 9340 --- [main] s.w.s.m.m.a.RequestMappingHandlerAdapter : Looking for @ControllerAdvice: org.springframework.boot.web.servlet.context.AnnotationConfigServletWebServerApplicationContext@9225652: startup date [Fri Dec 21 11:43:20 IST 2018]; root of context hierarchy
2018-12-21 11:43:24.694  WARN 9340 --- [main] aWebConfiguration$JpaWebMvcConfiguration : spring.jpa.open-in-view is enabled by default. Therefore, database queries may be performed during view rendering. Explicitly configure spring.jpa.open-in-view to disable this warning
2018-12-21 11:43:24.725  INFO 9340 --- [main] s.w.s.m.m.a.RequestMappingHandlerMapping : Mapped "{[/api/role],methods=[GET]}" onto public java.util.List<com.example.demo.dto.RoleDto> com.example.demo.controller.RoleController.getAllRole()
2018-12-21 11:43:24.741  INFO 9340 --- [main] s.w.s.m.m.a.RequestMappingHandlerMapping : Mapped "{[/api/user],methods=[POST]}" onto public com.example.demo.dto.UserDto com.example.demo.controller.UserController.insertUser(com.example.demo.dto.UserDto) throws com.example.demo.exception.CustomException
2018-12-21 11:43:24.741  INFO 9340 --- [main] s.w.s.m.m.a.RequestMappingHandlerMapping : Mapped "{[/api/user],methods=[GET]}" onto public java.util.List<com.example.demo.dto.UserDto> com.example.demo.controller.UserController.getAllStudents()
2018-12-21 11:43:24.741  INFO 9340 --- [main] s.w.s.m.m.a.RequestMappingHandlerMapping : Mapped "{[/api/user],methods=[PUT]}" onto public com.example.demo.dto.UserDto com.example.demo.controller.UserController.updateUser(com.example.demo.dto.UserDto) throws com.example.demo.exception.InvalidInputException
2018-12-21 11:43:24.741  INFO 9340 --- [main] s.w.s.m.m.a.RequestMappingHandlerMapping : Mapped "{[/error]}" onto public org.springframework.http.ResponseEntity<java.util.Map<java.lang.String, java.lang.Object>> org.springframework.boot.autoconfigure.web.servlet.error.BasicErrorController.error(javax.servlet.http.HttpServletRequest)
2018-12-21 11:43:24.741  INFO 9340 --- [main] s.w.s.m.m.a.RequestMappingHandlerMapping : Mapped "{[/error],produces=[text/html]}" onto public org.springframework.web.servlet.ModelAndView org.springframework.boot.autoconfigure.web.servlet.error.BasicErrorController.errorHtml(javax.servlet.http.HttpServletRequest,javax.servlet.http.HttpServletResponse)
2018-12-21 11:43:24.772  INFO 9340 --- [main] o.s.w.s.handler.SimpleUrlHandlerMapping  : Mapped URL path [/webjars/**] onto handler of type [class org.springframework.web.servlet.resource.ResourceHttpRequestHandler]
2018-12-21 11:43:24.772  INFO 9340 --- [main] o.s.w.s.handler.SimpleUrlHandlerMapping  : Mapped URL path [/**] onto handler of type [class org.springframework.web.servlet.resource.ResourceHttpRequestHandler]
2018-12-21 11:43:24.788  INFO 9340 --- [main] .m.m.a.ExceptionHandlerExceptionResolver : Detected @ExceptionHandler methods in globalControllerExceptionHandler
2018-12-21 11:43:25.100  INFO 9340 --- [main] o.s.j.e.a.AnnotationMBeanExporter        : Registering beans for JMX exposure on startup
2018-12-21 11:43:25.100  INFO 9340 --- [main] o.s.j.e.a.AnnotationMBeanExporter        : Bean with name 'dataSource' has been autodetected for JMX exposure
2018-12-21 11:43:25.100  INFO 9340 --- [main] o.s.j.e.a.AnnotationMBeanExporter        : Located MBean 'dataSource': registering with JMX server as MBean [com.zaxxer.hikari:name=dataSource,type=HikariDataSource]
2018-12-21 11:43:25.256  INFO 9340 --- [main] o.s.b.w.embedded.tomcat.TomcatWebServer  : Tomcat started on port(s): 8081 (http) with context path ''
2018-12-21 11:43:25.256  INFO 9340 --- [main] c.e.demo.SpringExampleDemo2Application   : Started SpringExampleDemo2Application in 4.986 seconds (JVM running for 5.92)
2018-12-21 11:43:31.968  INFO 9340 --- [http-nio-8081-exec-3] o.a.c.c.C.[Tomcat].[localhost].[/]       : Initializing Spring FrameworkServlet 'dispatcherServlet'
2018-12-21 11:43:31.968  INFO 9340 --- [http-nio-8081-exec-3] o.s.web.servlet.DispatcherServlet        : FrameworkServlet 'dispatcherServlet': initialization started
2018-12-21 11:43:31.989  INFO 9340 --- [http-nio-8081-exec-3] o.s.web.servlet.DispatcherServlet        : FrameworkServlet 'dispatcherServlet': initialization completed in 21 ms
2018-12-21 11:43:32.068  INFO 9340 --- [http-nio-8081-exec-3] o.h.h.i.QueryTranslatorFactoryInitiator  : HHH000397: Using ASTQueryTranslatorFactory
2018-12-21 11:43:43.011  WARN 9340 --- [http-nio-8081-exec-7] .m.m.a.ExceptionHandlerExceptionResolver : Resolved [com.example.demo.exception.InvalidInputException: you are not allowed to enter ids]
2018-12-21 11:43:52.456  INFO 9340 --- [http-nio-8081-exec-10] com.example.demo.service.UserService     : done>>>>>>>>>>>>
